<?xml version="1.0" encoding="UTF-8"?>
<robot generator="Robot 7.2.2 (Python 3.13.3 on darwin)" generated="2025-05-13T09:58:25.677955" rpa="false" schemaversion="5">
<suite id="s1" name="TODO-app" source="/Users/valtteripesu/git/TODO-app">
<suite id="s1-s1" name="Robot" source="/Users/valtteripesu/git/TODO-app/robot">
<suite id="s1-s1-s1" name="TODOtest" source="/Users/valtteripesu/git/TODO-app/robot/TODOtest.robot">
<test id="s1-s1-s1-t1" name="Add TODO" line="15">
<kw name="Open Test Browser" type="SETUP">
<kw name="Open Browser" owner="SeleniumLibrary">
<msg time="2025-05-13T09:58:25.750330" level="INFO">Opening browser 'Chrome' to base url 'http://localhost:8000'.</msg>
<arg>${URL}</arg>
<arg>${BROWSER}</arg>
<doc>Opens a new browser instance to the optional ``url``.</doc>
<status status="PASS" start="2025-05-13T09:58:25.750172" elapsed="0.878411"/>
</kw>
<kw name="Maximize Browser Window" owner="SeleniumLibrary">
<doc>Maximizes current browser window.</doc>
<status status="PASS" start="2025-05-13T09:58:26.628903" elapsed="0.381606"/>
</kw>
<status status="PASS" start="2025-05-13T09:58:25.749800" elapsed="1.260947"/>
</kw>
<kw name="Wait Until Element Is Visible" owner="SeleniumLibrary">
<arg>id=${ADD_BUTTON}</arg>
<arg>timeout=10s</arg>
<doc>Waits until the element ``locator`` is visible.</doc>
<status status="PASS" start="2025-05-13T09:58:27.011055" elapsed="0.013877"/>
</kw>
<kw name="Input Text" owner="SeleniumLibrary">
<msg time="2025-05-13T09:58:27.025352" level="INFO">Typing text 'Taskin otsikko 3' into text field 'add-title'.</msg>
<arg>locator=${ADD_TITLE}</arg>
<arg>text=Taskin otsikko 3</arg>
<doc>Types the given ``text`` into the text field identified by ``locator``.</doc>
<status status="PASS" start="2025-05-13T09:58:27.025113" elapsed="0.121919"/>
</kw>
<kw name="Input Text" owner="SeleniumLibrary">
<msg time="2025-05-13T09:58:27.147408" level="INFO">Typing text 'Taskin selite 3' into text field 'add-description'.</msg>
<arg>locator=${ADD_DESCRIPTION}</arg>
<arg>text=Taskin selite 3</arg>
<doc>Types the given ``text`` into the text field identified by ``locator``.</doc>
<status status="PASS" start="2025-05-13T09:58:27.147192" elapsed="0.062866"/>
</kw>
<kw name="Click Element" owner="SeleniumLibrary">
<msg time="2025-05-13T09:58:27.210445" level="INFO">Clicking element 'id=add-new'.</msg>
<arg>id=${ADD_BUTTON}</arg>
<doc>Click the element identified by ``locator``.</doc>
<status status="PASS" start="2025-05-13T09:58:27.210235" elapsed="0.026863"/>
</kw>
<kw name="Close Browser" owner="SeleniumLibrary" type="TEARDOWN">
<doc>Closes the current browser.</doc>
<status status="PASS" start="2025-05-13T09:58:27.237302" elapsed="0.074590"/>
</kw>
<status status="PASS" start="2025-05-13T09:58:25.749435" elapsed="1.562606"/>
</test>
<status status="PASS" start="2025-05-13T09:58:25.687210" elapsed="1.625332"/>
</suite>
<status status="PASS" start="2025-05-13T09:58:25.686805" elapsed="1.626340"/>
</suite>
<status status="PASS" start="2025-05-13T09:58:25.679862" elapsed="1.633653"/>
</suite>
<statistics>
<total>
<stat pass="1" fail="0" skip="0">All Tests</stat>
</total>
<tag>
</tag>
<suite>
<stat name="TODO-app" id="s1" pass="1" fail="0" skip="0">TODO-app</stat>
<stat name="Robot" id="s1-s1" pass="1" fail="0" skip="0">TODO-app.Robot</stat>
<stat name="TODOtest" id="s1-s1-s1" pass="1" fail="0" skip="0">TODO-app.Robot.TODOtest</stat>
</suite>
</statistics>
<errors>
</errors>
</robot>
